\BOOKMARK [1][-]{Doc-Start}{\376\377\144\130\000\040\211\201}{}% 1
\BOOKMARK [1][-]{Doc-Start}{\376\377\000A\000b\000s\000t\000r\000a\000c\000t}{}% 2
\BOOKMARK [1][-]{section.1}{\376\377\137\025\212\000}{}% 3
\BOOKMARK [2][-]{subsection.1.1}{\376\377\170\024\172\166\200\314\146\157}{section.1}% 4
\BOOKMARK [2][-]{subsection.1.2}{\376\377\147\054\145\207\135\345\117\134}{section.1}% 5
\BOOKMARK [1][-]{section.2}{\376\377\227\136\176\277\140\047\000\040\000S\000c\000h\000r\000\366\000d\000i\000n\000g\000e\000r\000\040\145\271\172\013}{}% 6
\BOOKMARK [2][-]{subsection.2.1}{\376\377\116\313\165\065\124\315\136\224}{section.2}% 7
\BOOKMARK [2][-]{subsection.2.2}{\376\377\201\011\121\262\117\040\217\223}{section.2}% 8
\BOOKMARK [1][-]{section.3}{\376\377\121\111\133\144\133\120\145\110\136\224}{}% 9
\BOOKMARK [2][-]{subsection.3.1}{\376\377\133\144\172\313\154\342\116\016\133\144\133\120}{section.3}% 10
\BOOKMARK [2][-]{subsection.3.2}{\376\377\133\144\133\120\147\054\215\050}{section.3}% 11
\BOOKMARK [2][-]{subsection.3.3}{\376\377\220\006\145\143\134\004\145\271\154\325}{section.3}% 12
\BOOKMARK [2][-]{subsection.3.4}{\376\377\121\111\133\144\133\120}{section.3}% 13
\BOOKMARK [3][-]{subsubsection.3.4.1}{\376\377\127\372\226\066\133\144\133\120}{subsection.3.4}% 14
\BOOKMARK [3][-]{subsubsection.3.4.2}{\376\377\116\214\226\066\124\214\232\330\226\066\133\144\133\120}{subsection.3.4}% 15
\BOOKMARK [1][-]{section.4}{\376\377\145\160\120\074\145\271\154\325}{}% 16
\BOOKMARK [2][-]{subsection.4.1}{\376\377\117\052\214\061\145\271\154\325}{section.4}% 17
\BOOKMARK [2][-]{subsection.4.2}{\376\377\122\006\153\145\000\040\000F\000o\000u\000r\000i\000e\000r\000\040\145\271\154\325}{section.4}% 18
\BOOKMARK [3][-]{subsubsection.4.2.1}{\376\377\116\244\146\377\213\241\173\227}{subsection.4.2}% 19
\BOOKMARK [3][-]{subsubsection.4.2.2}{\376\377\145\071\217\333\122\006\153\145\000\040\000F\000o\000u\000r\000i\000e\000r\000\040\145\271\154\325}{subsection.4.2}% 20
\BOOKMARK [2][-]{subsection.4.3}{\376\377\147\011\226\120\135\356\122\006\154\325}{section.4}% 21
\BOOKMARK [1][-]{section.5}{\376\377\176\323\213\272}{}% 22
\BOOKMARK [1][-]{section*.14}{\376\377\201\364\000\040\214\042}{}% 23
\BOOKMARK [1][-]{section*.14}{\376\377\123\302\200\003\145\207\163\056}{}% 24
\BOOKMARK [1][-]{section*.15}{\376\377\226\104\137\125\0001}{}% 25
\BOOKMARK [1][-]{section*.16}{\376\377\226\104\137\125\0002}{}% 26
\BOOKMARK [1][-]{section*.17}{\376\377\226\104\137\125\0003}{}% 27
\BOOKMARK [1][-]{section*.18}{\376\377\226\104\137\125\0004}{}% 28
